0 info it worked if it ends with ok
1 verbose cli [ 'C:\\Jitendra\\study\\projects\\Maven\\maven-angular\\temp\\node\\node.exe',
1 verbose cli   'C:\\Jitendra\\study\\projects\\Maven\\maven-angular\\temp\\node\\node_modules\\npm\\bin\\npm-cli.js',
1 verbose cli   'run',
1 verbose cli   'build' ]
2 info using npm@3.9.5
3 info using node@v7.3.0
4 verbose run-script [ 'prebuild', 'build', 'postbuild' ]
5 info lifecycle angular@0.0.0~prebuild: angular@0.0.0
6 silly lifecycle angular@0.0.0~prebuild: no script for prebuild, continuing
7 info lifecycle angular@0.0.0~build: angular@0.0.0
8 verbose lifecycle angular@0.0.0~build: unsafe-perm in lifecycle true
9 verbose lifecycle angular@0.0.0~build: PATH: C:\Jitendra\study\projects\Maven\maven-angular\temp\node\node_modules\npm\bin\node-gyp-bin;C:\Jitendra\study\projects\Maven\maven-angular\src\main\angular\node_modules\.bin;C:\Jitendra\study\projects\Maven\maven-angular\temp\node;C:\Jitendra\study\projects\Maven\maven-angular\temp\node;C:\ProgramData\Oracle\Java\javapath;C:\Program Files\Common Files\Microsoft Shared\Windows Live;C:\Program Files\Intel\iCLS Client\;C:\Windows\system32;C:\Windows;C:\Windows\System32\Wbem;C:\Windows\System32\WindowsPowerShell\v1.0\;C:\Program Files\Dell\Dell Data Protection\Access\Advanced\Wave\Gemalto\Access Client\v5\;C:\Program Files\NTRU Cryptosystems\NTRU TCG Software Stack\bin\;C:\Program Files\Windows Live\Shared;C:\Program Files\PuTTY\;C:\Program Files\maven\bin;C:\Program Files\nodejs\;C:\Program Files\MongoDB\Server\3.2\bin;C:\Users\manviya\AppData\Local\Programs\Fiddler;C:\Users\manviya\AppData\Roaming\npm;
10 verbose lifecycle angular@0.0.0~build: CWD: C:\Jitendra\study\projects\Maven\maven-angular\src\main\angular
11 silly lifecycle angular@0.0.0~build: Args: [ '/d /s /c', 'ng build' ]
12 silly lifecycle angular@0.0.0~build: Returned: code: 3  signal: null
13 info lifecycle angular@0.0.0~build: Failed to exec build script
14 verbose stack Error: angular@0.0.0 build: `ng build`
14 verbose stack Exit status 3
14 verbose stack     at EventEmitter.<anonymous> (C:\Jitendra\study\projects\Maven\maven-angular\temp\node\node_modules\npm\lib\utils\lifecycle.js:245:16)
14 verbose stack     at emitTwo (events.js:106:13)
14 verbose stack     at EventEmitter.emit (events.js:191:7)
14 verbose stack     at ChildProcess.<anonymous> (C:\Jitendra\study\projects\Maven\maven-angular\temp\node\node_modules\npm\lib\utils\spawn.js:24:14)
14 verbose stack     at emitTwo (events.js:106:13)
14 verbose stack     at ChildProcess.emit (events.js:191:7)
14 verbose stack     at maybeClose (internal/child_process.js:885:16)
14 verbose stack     at Process.ChildProcess._handle.onexit (internal/child_process.js:226:5)
15 verbose pkgid angular@0.0.0
16 verbose cwd C:\Jitendra\study\projects\Maven\maven-angular\src\main\angular
17 error Windows_NT 6.1.7601
18 error argv "C:\\Jitendra\\study\\projects\\Maven\\maven-angular\\temp\\node\\node.exe" "C:\\Jitendra\\study\\projects\\Maven\\maven-angular\\temp\\node\\node_modules\\npm\\bin\\npm-cli.js" "run" "build"
19 error node v7.3.0
20 error npm  v3.9.5
21 error code ELIFECYCLE
22 error angular@0.0.0 build: `ng build`
22 error Exit status 3
23 error Failed at the angular@0.0.0 build script 'ng build'.
23 error Make sure you have the latest version of node.js and npm installed.
23 error If you do, this is most likely a problem with the angular package,
23 error not with npm itself.
23 error Tell the author that this fails on your system:
23 error     ng build
23 error You can get information on how to open an issue for this project with:
23 error     npm bugs angular
23 error Or if that isn't available, you can get their info via:
23 error     npm owner ls angular
23 error There is likely additional logging output above.
24 verbose exit [ 1, true ]
